<?xml version="1.0" encoding="UTF-8"?>
<testng-results skipped="0" failed="3" ignored="0" total="5" passed="2">
  <reporter-output>
    <line>
      <![CDATA[Clicked on bank manager login tab [[ChromeDriver: chrome on WINDOWS (33ca0777a64ae313f747dad2e6aa1e3e)] -> xpath: //button[contains(text(),'Bank Manager Login')]]]]>
    </line>
    <line>
      <![CDATA[Clicked on add customer tab Proxy element for: DefaultElementLocator 'By.xpath: //button[@ng-click='addCustomer()']']]>
    </line>
    <line>
      <![CDATA[Click to see screenshot]]>
    </line>
    <line>
      <![CDATA[<a target = "_blank" href=C:\Users\Manas Vibhakar\IdeaProjects\xyzpftv1/test-output/html/bankManagerShouldAddCustomerSuccessfullyTue_Dec_13_21_25_42_GMT_2022.jpg>Screenshot</a>]]>
    </line>
    <line>
      <![CDATA[<br>]]>
    </line>
    <line>
      <![CDATA[<br>]]>
    </line>
    <line>
      <![CDATA[<a target = "_blank" href=C:\Users\Manas Vibhakar\IdeaProjects\xyzpftv1/test-output/html/bankManagerShouldAddCustomerSuccessfullyTue_Dec_13_21_25_42_GMT_2022.jpg><img src=C:\Users\Manas Vibhakar\IdeaProjects\xyzpftv1/test-output/html/bankManagerShouldAddCustomerSuccessfullyTue_Dec_13_21_25_42_GMT_2022.jpg height=200 width=200></img></a>]]>
    </line>
    <line>
      <![CDATA[Clicked on bank manager login tab [[ChromeDriver: chrome on WINDOWS (9d4552b859a6a845dfd42c8880133ce7)] -> xpath: //button[contains(text(),'Bank Manager Login')]]]]>
    </line>
    <line>
      <![CDATA[Clicked on open account tab [[ChromeDriver: chrome on WINDOWS (9d4552b859a6a845dfd42c8880133ce7)] -> xpath: //button[@ng-click='openAccount()']]]]>
    </line>
    <line>
      <![CDATA[Selected Harry Potter from [[ChromeDriver: chrome on WINDOWS (9d4552b859a6a845dfd42c8880133ce7)] -> id: userSelect]]]>
    </line>
    <line>
      <![CDATA[Selected Pound from [[ChromeDriver: chrome on WINDOWS (9d4552b859a6a845dfd42c8880133ce7)] -> id: currency]]]>
    </line>
    <line>
      <![CDATA[Clicked on process button [[ChromeDriver: chrome on WINDOWS (9d4552b859a6a845dfd42c8880133ce7)] -> xpath: //button[contains(text(),'Process')]]]]>
    </line>
    <line>
      <![CDATA[Accepted popup]]>
    </line>
    <line>
      <![CDATA[Clicked on customer login tab Proxy element for: DefaultElementLocator 'By.xpath: //button[@ng-click='customer()']']]>
    </line>
    <line>
      <![CDATA[Click to see screenshot]]>
    </line>
    <line>
      <![CDATA[<a target = "_blank" href=C:\Users\Manas Vibhakar\IdeaProjects\xyzpftv1/test-output/html/customerShouldDepositMoneySuccessfullyTue_Dec_13_21_26_31_GMT_2022.jpg>Screenshot</a>]]>
    </line>
    <line>
      <![CDATA[<br>]]>
    </line>
    <line>
      <![CDATA[<br>]]>
    </line>
    <line>
      <![CDATA[<a target = "_blank" href=C:\Users\Manas Vibhakar\IdeaProjects\xyzpftv1/test-output/html/customerShouldDepositMoneySuccessfullyTue_Dec_13_21_26_31_GMT_2022.jpg><img src=C:\Users\Manas Vibhakar\IdeaProjects\xyzpftv1/test-output/html/customerShouldDepositMoneySuccessfullyTue_Dec_13_21_26_31_GMT_2022.jpg height=200 width=200></img></a>]]>
    </line>
    <line>
      <![CDATA[Clicked on customer login tab [[ChromeDriver: chrome on WINDOWS (d381ae9f0f37c879190ad3b9067ce572)] -> xpath: //button[@ng-click='customer()']]]]>
    </line>
    <line>
      <![CDATA[Selected Harry Potter from [[ChromeDriver: chrome on WINDOWS (d381ae9f0f37c879190ad3b9067ce572)] -> id: userSelect]]]>
    </line>
    <line>
      <![CDATA[Clicked on login button [[ChromeDriver: chrome on WINDOWS (d381ae9f0f37c879190ad3b9067ce572)] -> xpath: //button[contains(text(),'Login')]]]]>
    </line>
    <line>
      <![CDATA[Clicked on logout button [[ChromeDriver: chrome on WINDOWS (d381ae9f0f37c879190ad3b9067ce572)] -> xpath: //button[contains(text(),'Logout')]]]]>
    </line>
    <line>
      <![CDATA[Clicked on customer login tab [[ChromeDriver: chrome on WINDOWS (23f5e856f5c72e235887d5be1bb1259f)] -> xpath: //button[@ng-click='customer()']]]]>
    </line>
    <line>
      <![CDATA[Selected Harry Potter from [[ChromeDriver: chrome on WINDOWS (23f5e856f5c72e235887d5be1bb1259f)] -> id: userSelect]]]>
    </line>
    <line>
      <![CDATA[Clicked on login button [[ChromeDriver: chrome on WINDOWS (23f5e856f5c72e235887d5be1bb1259f)] -> xpath: //button[contains(text(),'Login')]]]]>
    </line>
    <line>
      <![CDATA[Clicked on desktop tab [[ChromeDriver: chrome on WINDOWS (23f5e856f5c72e235887d5be1bb1259f)] -> xpath: //button[@ng-click='deposit()']]]]>
    </line>
    <line>
      <![CDATA[Entered amount to deposit 100 in deipsit field [[ChromeDriver: chrome on WINDOWS (23f5e856f5c72e235887d5be1bb1259f)] -> xpath: //input[@ng-model='amount']]]]>
    </line>
    <line>
      <![CDATA[Clicked on deposit button [[ChromeDriver: chrome on WINDOWS (23f5e856f5c72e235887d5be1bb1259f)] -> xpath: //button[text()='Deposit']]]]>
    </line>
    <line>
      <![CDATA[Clicked on withdraw tab [[ChromeDriver: chrome on WINDOWS (23f5e856f5c72e235887d5be1bb1259f)] -> xpath: //button[@ng-click='withdrawl()']]]]>
    </line>
    <line>
      <![CDATA[Entered amount to withdraw 50 in withdraw field [[ChromeDriver: chrome on WINDOWS (23f5e856f5c72e235887d5be1bb1259f)] -> xpath: //input[@ng-model='amount']]]]>
    </line>
    <line>
      <![CDATA[Click to see screenshot]]>
    </line>
    <line>
      <![CDATA[<a target = "_blank" href=C:\Users\Manas Vibhakar\IdeaProjects\xyzpftv1/test-output/html/customerShouldWithdrawMoneySuccessfullyTue_Dec_13_21_26_46_GMT_2022.jpg>Screenshot</a>]]>
    </line>
    <line>
      <![CDATA[<br>]]>
    </line>
    <line>
      <![CDATA[<br>]]>
    </line>
    <line>
      <![CDATA[<a target = "_blank" href=C:\Users\Manas Vibhakar\IdeaProjects\xyzpftv1/test-output/html/customerShouldWithdrawMoneySuccessfullyTue_Dec_13_21_26_46_GMT_2022.jpg><img src=C:\Users\Manas Vibhakar\IdeaProjects\xyzpftv1/test-output/html/customerShouldWithdrawMoneySuccessfullyTue_Dec_13_21_26_46_GMT_2022.jpg height=200 width=200></img></a>]]>
    </line>
  </reporter-output>
  <suite name="testsuite" duration-ms="110330" started-at="2022-12-13T21:24:57 GMT" finished-at="2022-12-13T21:26:47 GMT">
    <groups>
      <group name="regression">
        <method signature="BankTest.bankManagerShouldAddCustomerSuccessfully()[pri:0, instance:com.xyz.bank.testsuite.BankTest@12c8a2c0]" name="bankManagerShouldAddCustomerSuccessfully" class="com.xyz.bank.testsuite.BankTest"/>
        <method signature="BankTest.bankManagerShouldOpenAccountSuccessfully()[pri:0, instance:com.xyz.bank.testsuite.BankTest@12c8a2c0]" name="bankManagerShouldOpenAccountSuccessfully" class="com.xyz.bank.testsuite.BankTest"/>
        <method signature="BankTest.customerShouldDepositMoneySuccessfully()[pri:0, instance:com.xyz.bank.testsuite.BankTest@12c8a2c0]" name="customerShouldDepositMoneySuccessfully" class="com.xyz.bank.testsuite.BankTest"/>
        <method signature="BankTest.customerShouldLoginAndLogoutSuccessfully()[pri:0, instance:com.xyz.bank.testsuite.BankTest@12c8a2c0]" name="customerShouldLoginAndLogoutSuccessfully" class="com.xyz.bank.testsuite.BankTest"/>
        <method signature="BankTest.customerShouldWithdrawMoneySuccessfully()[pri:0, instance:com.xyz.bank.testsuite.BankTest@12c8a2c0]" name="customerShouldWithdrawMoneySuccessfully" class="com.xyz.bank.testsuite.BankTest"/>
      </group> <!-- regression -->
      <group name="smoke">
        <method signature="BankTest.customerShouldDepositMoneySuccessfully()[pri:0, instance:com.xyz.bank.testsuite.BankTest@12c8a2c0]" name="customerShouldDepositMoneySuccessfully" class="com.xyz.bank.testsuite.BankTest"/>
        <method signature="BankTest.customerShouldLoginAndLogoutSuccessfully()[pri:0, instance:com.xyz.bank.testsuite.BankTest@12c8a2c0]" name="customerShouldLoginAndLogoutSuccessfully" class="com.xyz.bank.testsuite.BankTest"/>
        <method signature="BankTest.customerShouldWithdrawMoneySuccessfully()[pri:0, instance:com.xyz.bank.testsuite.BankTest@12c8a2c0]" name="customerShouldWithdrawMoneySuccessfully" class="com.xyz.bank.testsuite.BankTest"/>
      </group> <!-- smoke -->
      <group name="sanity">
        <method signature="BankTest.bankManagerShouldAddCustomerSuccessfully()[pri:0, instance:com.xyz.bank.testsuite.BankTest@12c8a2c0]" name="bankManagerShouldAddCustomerSuccessfully" class="com.xyz.bank.testsuite.BankTest"/>
        <method signature="BankTest.bankManagerShouldOpenAccountSuccessfully()[pri:0, instance:com.xyz.bank.testsuite.BankTest@12c8a2c0]" name="bankManagerShouldOpenAccountSuccessfully" class="com.xyz.bank.testsuite.BankTest"/>
      </group> <!-- sanity -->
    </groups>
    <test name="Bank Test" duration-ms="110330" started-at="2022-12-13T21:24:57 GMT" finished-at="2022-12-13T21:26:47 GMT">
      <class name="com.xyz.bank.testsuite.BankTest">
        <test-method status="PASS" signature="setUp()[pri:0, instance:com.xyz.bank.testsuite.BankTest@12c8a2c0]" name="setUp" is-config="true" duration-ms="4719" started-at="2022-12-13T21:24:57 GMT" finished-at="2022-12-13T21:25:02 GMT">
          <reporter-output>
          </reporter-output>
        </test-method> <!-- setUp -->
        <test-method status="PASS" signature="inIt()[pri:0, instance:com.xyz.bank.testsuite.BankTest@12c8a2c0]" name="inIt" is-config="true" duration-ms="32" started-at="2022-12-13T21:25:02 GMT" finished-at="2022-12-13T21:25:02 GMT">
          <reporter-output>
          </reporter-output>
        </test-method> <!-- inIt -->
        <test-method status="FAIL" signature="bankManagerShouldAddCustomerSuccessfully()[pri:0, instance:com.xyz.bank.testsuite.BankTest@12c8a2c0]" name="bankManagerShouldAddCustomerSuccessfully" duration-ms="40448" started-at="2022-12-13T21:25:02 GMT" finished-at="2022-12-13T21:25:42 GMT">
          <exception class="org.openqa.selenium.NoSuchElementException">
            <message>
              <![CDATA[no such element: Unable to locate element: {"method":"xpath","selector":"//button[@ng-click='addCustomer()']"}
  (Session info: chrome=108.0.5359.99)
For documentation on this error, please visit: https://selenium.dev/exceptions/#no_such_element
Build info: version: '4.6.0', revision: '79f1c02ae20'
System info: os.name: 'Windows 10', os.arch: 'amd64', os.version: '10.0', java.version: '1.8.0_121'
Driver info: org.openqa.selenium.chrome.ChromeDriver
Command: [33ca0777a64ae313f747dad2e6aa1e3e, findElement {using=xpath, value=//button[@ng-click='addCustomer()']}]
Capabilities {acceptInsecureCerts: false, browserName: chrome, browserVersion: 108.0.5359.99, chrome: {chromedriverVersion: 108.0.5359.71 (1e0e3868ee06..., userDataDir: C:\Users\MANASV~1\AppData\L...}, goog:chromeOptions: {debuggerAddress: localhost:50565}, networkConnectionEnabled: false, pageLoadStrategy: normal, platformName: WINDOWS, proxy: Proxy(), se:cdp: ws://localhost:50565/devtoo..., se:cdpVersion: 108.0.5359.99, setWindowRect: true, strictFileInteractability: false, timeouts: {implicit: 0, pageLoad: 300000, script: 30000}, unhandledPromptBehavior: dismiss and notify, webauthn:extension:credBlob: true, webauthn:extension:largeBlob: true, webauthn:virtualAuthenticators: true}
Session ID: 33ca0777a64ae313f747dad2e6aa1e3e]]>
            </message>
            <full-stacktrace>
              <![CDATA[org.openqa.selenium.NoSuchElementException: no such element: Unable to locate element: {"method":"xpath","selector":"//button[@ng-click='addCustomer()']"}
  (Session info: chrome=108.0.5359.99)
For documentation on this error, please visit: https://selenium.dev/exceptions/#no_such_element
Build info: version: '4.6.0', revision: '79f1c02ae20'
System info: os.name: 'Windows 10', os.arch: 'amd64', os.version: '10.0', java.version: '1.8.0_121'
Driver info: org.openqa.selenium.chrome.ChromeDriver
Command: [33ca0777a64ae313f747dad2e6aa1e3e, findElement {using=xpath, value=//button[@ng-click='addCustomer()']}]
Capabilities {acceptInsecureCerts: false, browserName: chrome, browserVersion: 108.0.5359.99, chrome: {chromedriverVersion: 108.0.5359.71 (1e0e3868ee06..., userDataDir: C:\Users\MANASV~1\AppData\L...}, goog:chromeOptions: {debuggerAddress: localhost:50565}, networkConnectionEnabled: false, pageLoadStrategy: normal, platformName: WINDOWS, proxy: Proxy(), se:cdp: ws://localhost:50565/devtoo..., se:cdpVersion: 108.0.5359.99, setWindowRect: true, strictFileInteractability: false, timeouts: {implicit: 0, pageLoad: 300000, script: 30000}, unhandledPromptBehavior: dismiss and notify, webauthn:extension:credBlob: true, webauthn:extension:largeBlob: true, webauthn:virtualAuthenticators: true}
Session ID: 33ca0777a64ae313f747dad2e6aa1e3e
at sun.reflect.NativeConstructorAccessorImpl.newInstance0(Native Method)
at sun.reflect.NativeConstructorAccessorImpl.newInstance(NativeConstructorAccessorImpl.java:62)
at sun.reflect.DelegatingConstructorAccessorImpl.newInstance(DelegatingConstructorAccessorImpl.java:45)
at java.lang.reflect.Constructor.newInstance(Constructor.java:423)
at org.openqa.selenium.remote.codec.w3c.W3CHttpResponseCodec.createException(W3CHttpResponseCodec.java:200)
at org.openqa.selenium.remote.codec.w3c.W3CHttpResponseCodec.decode(W3CHttpResponseCodec.java:133)
at org.openqa.selenium.remote.codec.w3c.W3CHttpResponseCodec.decode(W3CHttpResponseCodec.java:53)
at org.openqa.selenium.remote.HttpCommandExecutor.execute(HttpCommandExecutor.java:184)
at org.openqa.selenium.remote.service.DriverCommandExecutor.invokeExecute(DriverCommandExecutor.java:167)
at org.openqa.selenium.remote.service.DriverCommandExecutor.execute(DriverCommandExecutor.java:142)
at org.openqa.selenium.remote.RemoteWebDriver.execute(RemoteWebDriver.java:541)
at org.openqa.selenium.remote.ElementLocation$ElementFinder$2.findElement(ElementLocation.java:162)
at org.openqa.selenium.remote.ElementLocation.findElement(ElementLocation.java:60)
at org.openqa.selenium.remote.RemoteWebDriver.findElement(RemoteWebDriver.java:365)
at org.openqa.selenium.remote.RemoteWebDriver.findElement(RemoteWebDriver.java:357)
at org.openqa.selenium.support.pagefactory.DefaultElementLocator.findElement(DefaultElementLocator.java:70)
at org.openqa.selenium.support.pagefactory.internal.LocatingElementHandler.invoke(LocatingElementHandler.java:39)
at com.sun.proxy.$Proxy15.click(Unknown Source)
at com.xyz.bank.utility.Utility.clickOnElement(Utility.java:51)
at com.xyz.bank.pages.BankManagerLoginPage.clickOnAddCustomerTab(BankManagerLoginPage.java:23)
at com.xyz.bank.testsuite.BankTest.bankManagerShouldAddCustomerSuccessfully(BankTest.java:34)
at sun.reflect.NativeMethodAccessorImpl.invoke0(Native Method)
at sun.reflect.NativeMethodAccessorImpl.invoke(NativeMethodAccessorImpl.java:62)
at sun.reflect.DelegatingMethodAccessorImpl.invoke(DelegatingMethodAccessorImpl.java:43)
at java.lang.reflect.Method.invoke(Method.java:498)
at org.testng.internal.invokers.MethodInvocationHelper.invokeMethod(MethodInvocationHelper.java:135)
at org.testng.internal.invokers.TestInvoker.invokeMethod(TestInvoker.java:673)
at org.testng.internal.invokers.TestInvoker.invokeTestMethod(TestInvoker.java:220)
at org.testng.internal.invokers.MethodRunner.runInSequence(MethodRunner.java:50)
at org.testng.internal.invokers.TestInvoker$MethodInvocationAgent.invoke(TestInvoker.java:945)
at org.testng.internal.invokers.TestInvoker.invokeTestMethods(TestInvoker.java:193)
at org.testng.internal.invokers.TestMethodWorker.invokeTestMethods(TestMethodWorker.java:146)
at org.testng.internal.invokers.TestMethodWorker.run(TestMethodWorker.java:128)
at java.util.ArrayList.forEach(ArrayList.java:1249)
at org.testng.TestRunner.privateRun(TestRunner.java:808)
at org.testng.TestRunner.run(TestRunner.java:603)
at org.testng.SuiteRunner.runTest(SuiteRunner.java:429)
at org.testng.SuiteRunner.runSequentially(SuiteRunner.java:423)
at org.testng.SuiteRunner.privateRun(SuiteRunner.java:383)
at org.testng.SuiteRunner.run(SuiteRunner.java:326)
at org.testng.SuiteRunnerWorker.runSuite(SuiteRunnerWorker.java:52)
at org.testng.SuiteRunnerWorker.run(SuiteRunnerWorker.java:95)
at org.testng.TestNG.runSuitesSequentially(TestNG.java:1249)
at org.testng.TestNG.runSuitesLocally(TestNG.java:1169)
at org.testng.TestNG.runSuites(TestNG.java:1092)
at org.testng.TestNG.run(TestNG.java:1060)
at com.intellij.rt.testng.IDEARemoteTestNG.run(IDEARemoteTestNG.java:66)
at com.intellij.rt.testng.RemoteTestNGStarter.main(RemoteTestNGStarter.java:109)
]]>
            </full-stacktrace>
          </exception> <!-- org.openqa.selenium.NoSuchElementException -->
          <reporter-output>
            <line>
              <![CDATA[Clicked on bank manager login tab [[ChromeDriver: chrome on WINDOWS (33ca0777a64ae313f747dad2e6aa1e3e)] -> xpath: //button[contains(text(),'Bank Manager Login')]]]]>
            </line>
            <line>
              <![CDATA[Clicked on add customer tab Proxy element for: DefaultElementLocator 'By.xpath: //button[@ng-click='addCustomer()']']]>
            </line>
            <line>
              <![CDATA[Click to see screenshot]]>
            </line>
            <line>
              <![CDATA[<a target = "_blank" href=C:\Users\Manas Vibhakar\IdeaProjects\xyzpftv1/test-output/html/bankManagerShouldAddCustomerSuccessfullyTue_Dec_13_21_25_42_GMT_2022.jpg>Screenshot</a>]]>
            </line>
            <line>
              <![CDATA[<br>]]>
            </line>
            <line>
              <![CDATA[<br>]]>
            </line>
            <line>
              <![CDATA[<a target = "_blank" href=C:\Users\Manas Vibhakar\IdeaProjects\xyzpftv1/test-output/html/bankManagerShouldAddCustomerSuccessfullyTue_Dec_13_21_25_42_GMT_2022.jpg><img src=C:\Users\Manas Vibhakar\IdeaProjects\xyzpftv1/test-output/html/bankManagerShouldAddCustomerSuccessfullyTue_Dec_13_21_25_42_GMT_2022.jpg height=200 width=200></img></a>]]>
            </line>
          </reporter-output>
        </test-method> <!-- bankManagerShouldAddCustomerSuccessfully -->
        <test-method status="PASS" signature="tearDown()[pri:0, instance:com.xyz.bank.testsuite.BankTest@12c8a2c0]" name="tearDown" is-config="true" duration-ms="713" started-at="2022-12-13T21:25:42 GMT" finished-at="2022-12-13T21:25:43 GMT">
          <reporter-output>
          </reporter-output>
        </test-method> <!-- tearDown -->
        <test-method status="PASS" signature="setUp()[pri:0, instance:com.xyz.bank.testsuite.BankTest@12c8a2c0]" name="setUp" is-config="true" duration-ms="2724" started-at="2022-12-13T21:25:43 GMT" finished-at="2022-12-13T21:25:46 GMT">
          <reporter-output>
          </reporter-output>
        </test-method> <!-- setUp -->
        <test-method status="PASS" signature="inIt()[pri:0, instance:com.xyz.bank.testsuite.BankTest@12c8a2c0]" name="inIt" is-config="true" duration-ms="2" started-at="2022-12-13T21:25:46 GMT" finished-at="2022-12-13T21:25:46 GMT">
          <reporter-output>
          </reporter-output>
        </test-method> <!-- inIt -->
        <test-method status="PASS" signature="bankManagerShouldOpenAccountSuccessfully()[pri:0, instance:com.xyz.bank.testsuite.BankTest@12c8a2c0]" name="bankManagerShouldOpenAccountSuccessfully" duration-ms="1159" started-at="2022-12-13T21:25:46 GMT" finished-at="2022-12-13T21:25:47 GMT">
          <reporter-output>
            <line>
              <![CDATA[Clicked on bank manager login tab [[ChromeDriver: chrome on WINDOWS (9d4552b859a6a845dfd42c8880133ce7)] -> xpath: //button[contains(text(),'Bank Manager Login')]]]]>
            </line>
            <line>
              <![CDATA[Clicked on open account tab [[ChromeDriver: chrome on WINDOWS (9d4552b859a6a845dfd42c8880133ce7)] -> xpath: //button[@ng-click='openAccount()']]]]>
            </line>
            <line>
              <![CDATA[Selected Harry Potter from [[ChromeDriver: chrome on WINDOWS (9d4552b859a6a845dfd42c8880133ce7)] -> id: userSelect]]]>
            </line>
            <line>
              <![CDATA[Selected Pound from [[ChromeDriver: chrome on WINDOWS (9d4552b859a6a845dfd42c8880133ce7)] -> id: currency]]]>
            </line>
            <line>
              <![CDATA[Clicked on process button [[ChromeDriver: chrome on WINDOWS (9d4552b859a6a845dfd42c8880133ce7)] -> xpath: //button[contains(text(),'Process')]]]]>
            </line>
            <line>
              <![CDATA[Accepted popup]]>
            </line>
          </reporter-output>
        </test-method> <!-- bankManagerShouldOpenAccountSuccessfully -->
        <test-method status="PASS" signature="tearDown()[pri:0, instance:com.xyz.bank.testsuite.BankTest@12c8a2c0]" name="tearDown" is-config="true" duration-ms="728" started-at="2022-12-13T21:25:47 GMT" finished-at="2022-12-13T21:25:48 GMT">
          <reporter-output>
          </reporter-output>
        </test-method> <!-- tearDown -->
        <test-method status="PASS" signature="setUp()[pri:0, instance:com.xyz.bank.testsuite.BankTest@12c8a2c0]" name="setUp" is-config="true" duration-ms="2671" started-at="2022-12-13T21:25:48 GMT" finished-at="2022-12-13T21:25:50 GMT">
          <reporter-output>
          </reporter-output>
        </test-method> <!-- setUp -->
        <test-method status="PASS" signature="inIt()[pri:0, instance:com.xyz.bank.testsuite.BankTest@12c8a2c0]" name="inIt" is-config="true" duration-ms="1" started-at="2022-12-13T21:25:50 GMT" finished-at="2022-12-13T21:25:50 GMT">
          <reporter-output>
          </reporter-output>
        </test-method> <!-- inIt -->
        <test-method status="FAIL" signature="customerShouldDepositMoneySuccessfully()[pri:0, instance:com.xyz.bank.testsuite.BankTest@12c8a2c0]" name="customerShouldDepositMoneySuccessfully" duration-ms="40068" started-at="2022-12-13T21:25:50 GMT" finished-at="2022-12-13T21:26:30 GMT">
          <exception class="org.openqa.selenium.NoSuchElementException">
            <message>
              <![CDATA[no such element: Unable to locate element: {"method":"xpath","selector":"//button[@ng-click='customer()']"}
  (Session info: chrome=108.0.5359.99)
For documentation on this error, please visit: https://selenium.dev/exceptions/#no_such_element
Build info: version: '4.6.0', revision: '79f1c02ae20'
System info: os.name: 'Windows 10', os.arch: 'amd64', os.version: '10.0', java.version: '1.8.0_121'
Driver info: org.openqa.selenium.chrome.ChromeDriver
Command: [ec902924c761c1a5c634e6a45b75a2aa, findElement {using=xpath, value=//button[@ng-click='customer()']}]
Capabilities {acceptInsecureCerts: false, browserName: chrome, browserVersion: 108.0.5359.99, chrome: {chromedriverVersion: 108.0.5359.71 (1e0e3868ee06..., userDataDir: C:\Users\MANASV~1\AppData\L...}, goog:chromeOptions: {debuggerAddress: localhost:50628}, networkConnectionEnabled: false, pageLoadStrategy: normal, platformName: WINDOWS, proxy: Proxy(), se:cdp: ws://localhost:50628/devtoo..., se:cdpVersion: 108.0.5359.99, setWindowRect: true, strictFileInteractability: false, timeouts: {implicit: 0, pageLoad: 300000, script: 30000}, unhandledPromptBehavior: dismiss and notify, webauthn:extension:credBlob: true, webauthn:extension:largeBlob: true, webauthn:virtualAuthenticators: true}
Session ID: ec902924c761c1a5c634e6a45b75a2aa]]>
            </message>
            <full-stacktrace>
              <![CDATA[org.openqa.selenium.NoSuchElementException: no such element: Unable to locate element: {"method":"xpath","selector":"//button[@ng-click='customer()']"}
  (Session info: chrome=108.0.5359.99)
For documentation on this error, please visit: https://selenium.dev/exceptions/#no_such_element
Build info: version: '4.6.0', revision: '79f1c02ae20'
System info: os.name: 'Windows 10', os.arch: 'amd64', os.version: '10.0', java.version: '1.8.0_121'
Driver info: org.openqa.selenium.chrome.ChromeDriver
Command: [ec902924c761c1a5c634e6a45b75a2aa, findElement {using=xpath, value=//button[@ng-click='customer()']}]
Capabilities {acceptInsecureCerts: false, browserName: chrome, browserVersion: 108.0.5359.99, chrome: {chromedriverVersion: 108.0.5359.71 (1e0e3868ee06..., userDataDir: C:\Users\MANASV~1\AppData\L...}, goog:chromeOptions: {debuggerAddress: localhost:50628}, networkConnectionEnabled: false, pageLoadStrategy: normal, platformName: WINDOWS, proxy: Proxy(), se:cdp: ws://localhost:50628/devtoo..., se:cdpVersion: 108.0.5359.99, setWindowRect: true, strictFileInteractability: false, timeouts: {implicit: 0, pageLoad: 300000, script: 30000}, unhandledPromptBehavior: dismiss and notify, webauthn:extension:credBlob: true, webauthn:extension:largeBlob: true, webauthn:virtualAuthenticators: true}
Session ID: ec902924c761c1a5c634e6a45b75a2aa
at sun.reflect.NativeConstructorAccessorImpl.newInstance0(Native Method)
at sun.reflect.NativeConstructorAccessorImpl.newInstance(NativeConstructorAccessorImpl.java:62)
at sun.reflect.DelegatingConstructorAccessorImpl.newInstance(DelegatingConstructorAccessorImpl.java:45)
at java.lang.reflect.Constructor.newInstance(Constructor.java:423)
at org.openqa.selenium.remote.codec.w3c.W3CHttpResponseCodec.createException(W3CHttpResponseCodec.java:200)
at org.openqa.selenium.remote.codec.w3c.W3CHttpResponseCodec.decode(W3CHttpResponseCodec.java:133)
at org.openqa.selenium.remote.codec.w3c.W3CHttpResponseCodec.decode(W3CHttpResponseCodec.java:53)
at org.openqa.selenium.remote.HttpCommandExecutor.execute(HttpCommandExecutor.java:184)
at org.openqa.selenium.remote.service.DriverCommandExecutor.invokeExecute(DriverCommandExecutor.java:167)
at org.openqa.selenium.remote.service.DriverCommandExecutor.execute(DriverCommandExecutor.java:142)
at org.openqa.selenium.remote.RemoteWebDriver.execute(RemoteWebDriver.java:541)
at org.openqa.selenium.remote.ElementLocation$ElementFinder$2.findElement(ElementLocation.java:162)
at org.openqa.selenium.remote.ElementLocation.findElement(ElementLocation.java:60)
at org.openqa.selenium.remote.RemoteWebDriver.findElement(RemoteWebDriver.java:365)
at org.openqa.selenium.remote.RemoteWebDriver.findElement(RemoteWebDriver.java:357)
at org.openqa.selenium.support.pagefactory.DefaultElementLocator.findElement(DefaultElementLocator.java:70)
at org.openqa.selenium.support.pagefactory.internal.LocatingElementHandler.invoke(LocatingElementHandler.java:39)
at com.sun.proxy.$Proxy15.click(Unknown Source)
at com.xyz.bank.utility.Utility.clickOnElement(Utility.java:51)
at com.xyz.bank.pages.HomePage.clickOnCustomerLoginTab(HomePage.java:24)
at com.xyz.bank.testsuite.BankTest.customerShouldDepositMoneySuccessfully(BankTest.java:89)
at sun.reflect.NativeMethodAccessorImpl.invoke0(Native Method)
at sun.reflect.NativeMethodAccessorImpl.invoke(NativeMethodAccessorImpl.java:62)
at sun.reflect.DelegatingMethodAccessorImpl.invoke(DelegatingMethodAccessorImpl.java:43)
at java.lang.reflect.Method.invoke(Method.java:498)
at org.testng.internal.invokers.MethodInvocationHelper.invokeMethod(MethodInvocationHelper.java:135)
at org.testng.internal.invokers.TestInvoker.invokeMethod(TestInvoker.java:673)
at org.testng.internal.invokers.TestInvoker.invokeTestMethod(TestInvoker.java:220)
at org.testng.internal.invokers.MethodRunner.runInSequence(MethodRunner.java:50)
at org.testng.internal.invokers.TestInvoker$MethodInvocationAgent.invoke(TestInvoker.java:945)
at org.testng.internal.invokers.TestInvoker.invokeTestMethods(TestInvoker.java:193)
at org.testng.internal.invokers.TestMethodWorker.invokeTestMethods(TestMethodWorker.java:146)
at org.testng.internal.invokers.TestMethodWorker.run(TestMethodWorker.java:128)
at java.util.ArrayList.forEach(ArrayList.java:1249)
at org.testng.TestRunner.privateRun(TestRunner.java:808)
at org.testng.TestRunner.run(TestRunner.java:603)
at org.testng.SuiteRunner.runTest(SuiteRunner.java:429)
at org.testng.SuiteRunner.runSequentially(SuiteRunner.java:423)
at org.testng.SuiteRunner.privateRun(SuiteRunner.java:383)
at org.testng.SuiteRunner.run(SuiteRunner.java:326)
at org.testng.SuiteRunnerWorker.runSuite(SuiteRunnerWorker.java:52)
at org.testng.SuiteRunnerWorker.run(SuiteRunnerWorker.java:95)
at org.testng.TestNG.runSuitesSequentially(TestNG.java:1249)
at org.testng.TestNG.runSuitesLocally(TestNG.java:1169)
at org.testng.TestNG.runSuites(TestNG.java:1092)
at org.testng.TestNG.run(TestNG.java:1060)
at com.intellij.rt.testng.IDEARemoteTestNG.run(IDEARemoteTestNG.java:66)
at com.intellij.rt.testng.RemoteTestNGStarter.main(RemoteTestNGStarter.java:109)
]]>
            </full-stacktrace>
          </exception> <!-- org.openqa.selenium.NoSuchElementException -->
          <reporter-output>
            <line>
              <![CDATA[Clicked on customer login tab Proxy element for: DefaultElementLocator 'By.xpath: //button[@ng-click='customer()']']]>
            </line>
            <line>
              <![CDATA[Click to see screenshot]]>
            </line>
            <line>
              <![CDATA[<a target = "_blank" href=C:\Users\Manas Vibhakar\IdeaProjects\xyzpftv1/test-output/html/customerShouldDepositMoneySuccessfullyTue_Dec_13_21_26_31_GMT_2022.jpg>Screenshot</a>]]>
            </line>
            <line>
              <![CDATA[<br>]]>
            </line>
            <line>
              <![CDATA[<br>]]>
            </line>
            <line>
              <![CDATA[<a target = "_blank" href=C:\Users\Manas Vibhakar\IdeaProjects\xyzpftv1/test-output/html/customerShouldDepositMoneySuccessfullyTue_Dec_13_21_26_31_GMT_2022.jpg><img src=C:\Users\Manas Vibhakar\IdeaProjects\xyzpftv1/test-output/html/customerShouldDepositMoneySuccessfullyTue_Dec_13_21_26_31_GMT_2022.jpg height=200 width=200></img></a>]]>
            </line>
          </reporter-output>
        </test-method> <!-- customerShouldDepositMoneySuccessfully -->
        <test-method status="PASS" signature="tearDown()[pri:0, instance:com.xyz.bank.testsuite.BankTest@12c8a2c0]" name="tearDown" is-config="true" duration-ms="808" started-at="2022-12-13T21:26:31 GMT" finished-at="2022-12-13T21:26:31 GMT">
          <reporter-output>
          </reporter-output>
        </test-method> <!-- tearDown -->
        <test-method status="PASS" signature="setUp()[pri:0, instance:com.xyz.bank.testsuite.BankTest@12c8a2c0]" name="setUp" is-config="true" duration-ms="7663" started-at="2022-12-13T21:26:31 GMT" finished-at="2022-12-13T21:26:39 GMT">
          <reporter-output>
          </reporter-output>
        </test-method> <!-- setUp -->
        <test-method status="PASS" signature="inIt()[pri:0, instance:com.xyz.bank.testsuite.BankTest@12c8a2c0]" name="inIt" is-config="true" duration-ms="2" started-at="2022-12-13T21:26:39 GMT" finished-at="2022-12-13T21:26:39 GMT">
          <reporter-output>
          </reporter-output>
        </test-method> <!-- inIt -->
        <test-method status="PASS" signature="customerShouldLoginAndLogoutSuccessfully()[pri:0, instance:com.xyz.bank.testsuite.BankTest@12c8a2c0]" name="customerShouldLoginAndLogoutSuccessfully" duration-ms="976" started-at="2022-12-13T21:26:39 GMT" finished-at="2022-12-13T21:26:40 GMT">
          <reporter-output>
            <line>
              <![CDATA[Clicked on customer login tab [[ChromeDriver: chrome on WINDOWS (d381ae9f0f37c879190ad3b9067ce572)] -> xpath: //button[@ng-click='customer()']]]]>
            </line>
            <line>
              <![CDATA[Selected Harry Potter from [[ChromeDriver: chrome on WINDOWS (d381ae9f0f37c879190ad3b9067ce572)] -> id: userSelect]]]>
            </line>
            <line>
              <![CDATA[Clicked on login button [[ChromeDriver: chrome on WINDOWS (d381ae9f0f37c879190ad3b9067ce572)] -> xpath: //button[contains(text(),'Login')]]]]>
            </line>
            <line>
              <![CDATA[Clicked on logout button [[ChromeDriver: chrome on WINDOWS (d381ae9f0f37c879190ad3b9067ce572)] -> xpath: //button[contains(text(),'Logout')]]]]>
            </line>
          </reporter-output>
        </test-method> <!-- customerShouldLoginAndLogoutSuccessfully -->
        <test-method status="PASS" signature="tearDown()[pri:0, instance:com.xyz.bank.testsuite.BankTest@12c8a2c0]" name="tearDown" is-config="true" duration-ms="734" started-at="2022-12-13T21:26:40 GMT" finished-at="2022-12-13T21:26:41 GMT">
          <reporter-output>
          </reporter-output>
        </test-method> <!-- tearDown -->
        <test-method status="PASS" signature="setUp()[pri:0, instance:com.xyz.bank.testsuite.BankTest@12c8a2c0]" name="setUp" is-config="true" duration-ms="2629" started-at="2022-12-13T21:26:41 GMT" finished-at="2022-12-13T21:26:43 GMT">
          <reporter-output>
          </reporter-output>
        </test-method> <!-- setUp -->
        <test-method status="PASS" signature="inIt()[pri:0, instance:com.xyz.bank.testsuite.BankTest@12c8a2c0]" name="inIt" is-config="true" duration-ms="1" started-at="2022-12-13T21:26:43 GMT" finished-at="2022-12-13T21:26:43 GMT">
          <reporter-output>
          </reporter-output>
        </test-method> <!-- inIt -->
        <test-method status="FAIL" signature="customerShouldWithdrawMoneySuccessfully()[pri:0, instance:com.xyz.bank.testsuite.BankTest@12c8a2c0]" name="customerShouldWithdrawMoneySuccessfully" duration-ms="2580" started-at="2022-12-13T21:26:43 GMT" finished-at="2022-12-13T21:26:46 GMT">
          <exception class="org.openqa.selenium.StaleElementReferenceException">
            <message>
              <![CDATA[stale element reference: element is not attached to the page document
  (Session info: chrome=108.0.5359.99)
For documentation on this error, please visit: https://selenium.dev/exceptions/#stale_element_reference
Build info: version: '4.6.0', revision: '79f1c02ae20'
System info: os.name: 'Windows 10', os.arch: 'amd64', os.version: '10.0', java.version: '1.8.0_121'
Driver info: org.openqa.selenium.chrome.ChromeDriver
Command: [23f5e856f5c72e235887d5be1bb1259f, sendKeysToElement {id=7f971a40-ebca-4740-b4d0-71f9a3b1de00, value=[Ljava.lang.CharSequence;@523d6bdb}]
Capabilities {acceptInsecureCerts: false, browserName: chrome, browserVersion: 108.0.5359.99, chrome: {chromedriverVersion: 108.0.5359.71 (1e0e3868ee06..., userDataDir: C:\Users\MANASV~1\AppData\L...}, goog:chromeOptions: {debuggerAddress: localhost:50682}, networkConnectionEnabled: false, pageLoadStrategy: normal, platformName: WINDOWS, proxy: Proxy(), se:cdp: ws://localhost:50682/devtoo..., se:cdpVersion: 108.0.5359.99, setWindowRect: true, strictFileInteractability: false, timeouts: {implicit: 0, pageLoad: 300000, script: 30000}, unhandledPromptBehavior: dismiss and notify, webauthn:extension:credBlob: true, webauthn:extension:largeBlob: true, webauthn:virtualAuthenticators: true}
Element: [[ChromeDriver: chrome on WINDOWS (23f5e856f5c72e235887d5be1bb1259f)] -> xpath: //input[@ng-model='amount']]
Session ID: 23f5e856f5c72e235887d5be1bb1259f]]>
            </message>
            <full-stacktrace>
              <![CDATA[org.openqa.selenium.StaleElementReferenceException: stale element reference: element is not attached to the page document
  (Session info: chrome=108.0.5359.99)
For documentation on this error, please visit: https://selenium.dev/exceptions/#stale_element_reference
Build info: version: '4.6.0', revision: '79f1c02ae20'
System info: os.name: 'Windows 10', os.arch: 'amd64', os.version: '10.0', java.version: '1.8.0_121'
Driver info: org.openqa.selenium.chrome.ChromeDriver
Command: [23f5e856f5c72e235887d5be1bb1259f, sendKeysToElement {id=7f971a40-ebca-4740-b4d0-71f9a3b1de00, value=[Ljava.lang.CharSequence;@523d6bdb}]
Capabilities {acceptInsecureCerts: false, browserName: chrome, browserVersion: 108.0.5359.99, chrome: {chromedriverVersion: 108.0.5359.71 (1e0e3868ee06..., userDataDir: C:\Users\MANASV~1\AppData\L...}, goog:chromeOptions: {debuggerAddress: localhost:50682}, networkConnectionEnabled: false, pageLoadStrategy: normal, platformName: WINDOWS, proxy: Proxy(), se:cdp: ws://localhost:50682/devtoo..., se:cdpVersion: 108.0.5359.99, setWindowRect: true, strictFileInteractability: false, timeouts: {implicit: 0, pageLoad: 300000, script: 30000}, unhandledPromptBehavior: dismiss and notify, webauthn:extension:credBlob: true, webauthn:extension:largeBlob: true, webauthn:virtualAuthenticators: true}
Element: [[ChromeDriver: chrome on WINDOWS (23f5e856f5c72e235887d5be1bb1259f)] -> xpath: //input[@ng-model='amount']]
Session ID: 23f5e856f5c72e235887d5be1bb1259f
at sun.reflect.NativeConstructorAccessorImpl.newInstance0(Native Method)
at sun.reflect.NativeConstructorAccessorImpl.newInstance(NativeConstructorAccessorImpl.java:62)
at sun.reflect.DelegatingConstructorAccessorImpl.newInstance(DelegatingConstructorAccessorImpl.java:45)
at java.lang.reflect.Constructor.newInstance(Constructor.java:423)
at org.openqa.selenium.remote.codec.w3c.W3CHttpResponseCodec.createException(W3CHttpResponseCodec.java:200)
at org.openqa.selenium.remote.codec.w3c.W3CHttpResponseCodec.decode(W3CHttpResponseCodec.java:133)
at org.openqa.selenium.remote.codec.w3c.W3CHttpResponseCodec.decode(W3CHttpResponseCodec.java:53)
at org.openqa.selenium.remote.HttpCommandExecutor.execute(HttpCommandExecutor.java:184)
at org.openqa.selenium.remote.service.DriverCommandExecutor.invokeExecute(DriverCommandExecutor.java:167)
at org.openqa.selenium.remote.service.DriverCommandExecutor.execute(DriverCommandExecutor.java:142)
at org.openqa.selenium.remote.RemoteWebDriver.execute(RemoteWebDriver.java:541)
at org.openqa.selenium.remote.RemoteWebElement.execute(RemoteWebElement.java:257)
at org.openqa.selenium.remote.RemoteWebElement.sendKeys(RemoteWebElement.java:113)
at sun.reflect.NativeMethodAccessorImpl.invoke0(Native Method)
at sun.reflect.NativeMethodAccessorImpl.invoke(NativeMethodAccessorImpl.java:62)
at sun.reflect.DelegatingMethodAccessorImpl.invoke(DelegatingMethodAccessorImpl.java:43)
at java.lang.reflect.Method.invoke(Method.java:498)
at org.openqa.selenium.support.pagefactory.internal.LocatingElementHandler.invoke(LocatingElementHandler.java:52)
at com.sun.proxy.$Proxy15.sendKeys(Unknown Source)
at com.xyz.bank.utility.Utility.sendTextToElement(Utility.java:73)
at com.xyz.bank.pages.AccountPage.enterAmountToWithdraw(AccountPage.java:58)
at com.xyz.bank.testsuite.BankTest.customerShouldWithdrawMoneySuccessfully(BankTest.java:122)
at sun.reflect.NativeMethodAccessorImpl.invoke0(Native Method)
at sun.reflect.NativeMethodAccessorImpl.invoke(NativeMethodAccessorImpl.java:62)
at sun.reflect.DelegatingMethodAccessorImpl.invoke(DelegatingMethodAccessorImpl.java:43)
at java.lang.reflect.Method.invoke(Method.java:498)
at org.testng.internal.invokers.MethodInvocationHelper.invokeMethod(MethodInvocationHelper.java:135)
at org.testng.internal.invokers.TestInvoker.invokeMethod(TestInvoker.java:673)
at org.testng.internal.invokers.TestInvoker.invokeTestMethod(TestInvoker.java:220)
at org.testng.internal.invokers.MethodRunner.runInSequence(MethodRunner.java:50)
at org.testng.internal.invokers.TestInvoker$MethodInvocationAgent.invoke(TestInvoker.java:945)
at org.testng.internal.invokers.TestInvoker.invokeTestMethods(TestInvoker.java:193)
at org.testng.internal.invokers.TestMethodWorker.invokeTestMethods(TestMethodWorker.java:146)
at org.testng.internal.invokers.TestMethodWorker.run(TestMethodWorker.java:128)
at java.util.ArrayList.forEach(ArrayList.java:1249)
at org.testng.TestRunner.privateRun(TestRunner.java:808)
at org.testng.TestRunner.run(TestRunner.java:603)
at org.testng.SuiteRunner.runTest(SuiteRunner.java:429)
at org.testng.SuiteRunner.runSequentially(SuiteRunner.java:423)
at org.testng.SuiteRunner.privateRun(SuiteRunner.java:383)
at org.testng.SuiteRunner.run(SuiteRunner.java:326)
at org.testng.SuiteRunnerWorker.runSuite(SuiteRunnerWorker.java:52)
at org.testng.SuiteRunnerWorker.run(SuiteRunnerWorker.java:95)
at org.testng.TestNG.runSuitesSequentially(TestNG.java:1249)
at org.testng.TestNG.runSuitesLocally(TestNG.java:1169)
at org.testng.TestNG.runSuites(TestNG.java:1092)
at org.testng.TestNG.run(TestNG.java:1060)
at com.intellij.rt.testng.IDEARemoteTestNG.run(IDEARemoteTestNG.java:66)
at com.intellij.rt.testng.RemoteTestNGStarter.main(RemoteTestNGStarter.java:109)
]]>
            </full-stacktrace>
          </exception> <!-- org.openqa.selenium.StaleElementReferenceException -->
          <reporter-output>
            <line>
              <![CDATA[Clicked on customer login tab [[ChromeDriver: chrome on WINDOWS (23f5e856f5c72e235887d5be1bb1259f)] -> xpath: //button[@ng-click='customer()']]]]>
            </line>
            <line>
              <![CDATA[Selected Harry Potter from [[ChromeDriver: chrome on WINDOWS (23f5e856f5c72e235887d5be1bb1259f)] -> id: userSelect]]]>
            </line>
            <line>
              <![CDATA[Clicked on login button [[ChromeDriver: chrome on WINDOWS (23f5e856f5c72e235887d5be1bb1259f)] -> xpath: //button[contains(text(),'Login')]]]]>
            </line>
            <line>
              <![CDATA[Clicked on desktop tab [[ChromeDriver: chrome on WINDOWS (23f5e856f5c72e235887d5be1bb1259f)] -> xpath: //button[@ng-click='deposit()']]]]>
            </line>
            <line>
              <![CDATA[Entered amount to deposit 100 in deipsit field [[ChromeDriver: chrome on WINDOWS (23f5e856f5c72e235887d5be1bb1259f)] -> xpath: //input[@ng-model='amount']]]]>
            </line>
            <line>
              <![CDATA[Clicked on deposit button [[ChromeDriver: chrome on WINDOWS (23f5e856f5c72e235887d5be1bb1259f)] -> xpath: //button[text()='Deposit']]]]>
            </line>
            <line>
              <![CDATA[Clicked on withdraw tab [[ChromeDriver: chrome on WINDOWS (23f5e856f5c72e235887d5be1bb1259f)] -> xpath: //button[@ng-click='withdrawl()']]]]>
            </line>
            <line>
              <![CDATA[Entered amount to withdraw 50 in withdraw field [[ChromeDriver: chrome on WINDOWS (23f5e856f5c72e235887d5be1bb1259f)] -> xpath: //input[@ng-model='amount']]]]>
            </line>
            <line>
              <![CDATA[Click to see screenshot]]>
            </line>
            <line>
              <![CDATA[<a target = "_blank" href=C:\Users\Manas Vibhakar\IdeaProjects\xyzpftv1/test-output/html/customerShouldWithdrawMoneySuccessfullyTue_Dec_13_21_26_46_GMT_2022.jpg>Screenshot</a>]]>
            </line>
            <line>
              <![CDATA[<br>]]>
            </line>
            <line>
              <![CDATA[<br>]]>
            </line>
            <line>
              <![CDATA[<a target = "_blank" href=C:\Users\Manas Vibhakar\IdeaProjects\xyzpftv1/test-output/html/customerShouldWithdrawMoneySuccessfullyTue_Dec_13_21_26_46_GMT_2022.jpg><img src=C:\Users\Manas Vibhakar\IdeaProjects\xyzpftv1/test-output/html/customerShouldWithdrawMoneySuccessfullyTue_Dec_13_21_26_46_GMT_2022.jpg height=200 width=200></img></a>]]>
            </line>
          </reporter-output>
        </test-method> <!-- customerShouldWithdrawMoneySuccessfully -->
        <test-method status="PASS" signature="tearDown()[pri:0, instance:com.xyz.bank.testsuite.BankTest@12c8a2c0]" name="tearDown" is-config="true" duration-ms="706" started-at="2022-12-13T21:26:46 GMT" finished-at="2022-12-13T21:26:47 GMT">
          <reporter-output>
          </reporter-output>
        </test-method> <!-- tearDown -->
      </class> <!-- com.xyz.bank.testsuite.BankTest -->
    </test> <!-- Bank Test -->
  </suite> <!-- testsuite -->
</testng-results>
